<?xml version="1.0" encoding="UTF-8"?>
<!-- Generated by org.testng.reporters.JUnitReportReporter -->
<testsuite hostname="DESKTOP-07J22P1" failures="0" tests="1" name="OrganizationPackage.CreateOrganizationWith2DropDown" time="141.258" errors="0" timestamp="2024-03-19T20:15:11 IST" skipped="0">
  <testcase classname="OrganizationPackage.CreateOrganizationWith2DropDown" name="toCreateOrganizationWithDropDown" time="141.258"/>
  <system-out>
    <![CDATA[Browser got Launched Successfully
Login to the Apllication successfully
organization name with industry and type dropdown craeted successfully
organization name was varified successfully
Logout application Successfully
Brower got closed sucessfully]]>
  </system-out>
</testsuite> <!-- OrganizationPackage.CreateOrganizationWith2DropDown -->
