<?xml version="1.0" encoding="UTF-8"?>
<!-- Generated by org.testng.reporters.JUnitReportReporter -->
<testsuite hostname="DESKTOP-07J22P1" failures="0" tests="2" name="OrganizationPackage.CreateOrganizationTests" time="48.120" errors="0" timestamp="2024-03-20T09:05:30 IST" skipped="0">
  <testcase classname="OrganizationPackage.CreateOrganizationTests" name="toCraeteOrganizationTests" time="25.825"/>
  <system-out>
    <![CDATA[Browser got Launched Successfully
Login to the Application Successfully
Logout Application Successfully
Browser got closed Successfully]]>
  </system-out>
  <testcase classname="OrganizationPackage.CreateOrganizationTests" name="toCraeteOrganizationTests" time="22.295"/>
  <system-out>
    <![CDATA[Browser got Launched Successfully
Login to the Application Successfully
Logout Application Successfully
Browser got closed Successfully]]>
  </system-out>
</testsuite> <!-- OrganizationPackage.CreateOrganizationTests -->
